RR BUILD
Build started at: 2012-10-14 17:20
Making and installing ThirdParty
Third Party build failed:
Microsoft (R) Build Engine Version 4.0.30319.1
[Microsoft .NET Framework, Version 4.0.30319.269]
Copyright (C) Microsoft Corporation 2007. All rights reserved.

Build started 10/14/2012 5:20:50 PM.
Project "r:\builds\vs\release\ThirdParty\INSTALL.vcxproj" on node 1 (default targets).
Project "r:\builds\vs\release\ThirdParty\INSTALL.vcxproj" (1) is building "R:\builds\vs\release\ThirdParty\ALL_BUILD.vcxproj" (2) on node 1 (default targets).
Project "R:\builds\vs\release\ThirdParty\ALL_BUILD.vcxproj" (2) is building "R:\builds\vs\release\ThirdParty\ZERO_CHECK.vcxproj" (3) on node 1 (default targets).
InitializeBuildStatus:
  Creating "Win32\Release\ZERO_CHECK\ZERO_CHECK.unsuccessfulbuild" because "AlwaysCreate" was specified.
FinalizeBuildStatus:
  Deleting file "Win32\Release\ZERO_CHECK\ZERO_CHECK.unsuccessfulbuild".
  Touching "Win32\Release\ZERO_CHECK\ZERO_CHECK.lastbuildstate".
Done Building Project "R:\builds\vs\release\ThirdParty\ZERO_CHECK.vcxproj" (default targets).
Project "R:\builds\vs\release\ThirdParty\ALL_BUILD.vcxproj" (2) is building "R:\builds\vs\release\ThirdParty\clapack\3.2.1\F2CLIBS\libf2c\arithchk.vcxproj" (4) on node 1 (default targets).
InitializeBuildStatus:
  Creating "arithchk.dir\Release\arithchk.unsuccessfulbuild" because "AlwaysCreate" was specified.
CustomBuild:
  All outputs are up-to-date.
ClCompile:
  All outputs are up-to-date.
Link:
  All outputs are up-to-date.
  arithchk.vcxproj -> R:\builds\vs\release\ThirdParty\bin\Release\arithchk.exe
FinalizeBuildStatus:
  Deleting file "arithchk.dir\Release\arithchk.unsuccessfulbuild".
  Touching "arithchk.dir\Release\arithchk.lastbuildstate".
Done Building Project "R:\builds\vs\release\ThirdParty\clapack\3.2.1\F2CLIBS\libf2c\arithchk.vcxproj" (default targets).
Project "R:\builds\vs\release\ThirdParty\ALL_BUILD.vcxproj" (2) is building "R:\builds\vs\release\ThirdParty\clapack\3.2.1\BLAS\SRC\blas.vcxproj" (5) on node 1 (default targets).
Project "R:\builds\vs\release\ThirdParty\clapack\3.2.1\BLAS\SRC\blas.vcxproj" (5) is building "R:\builds\vs\release\ThirdParty\clapack\3.2.1\F2CLIBS\libf2c\f2c.vcxproj" (6) on node 1 (default targets).
InitializeBuildStatus:
  Creating "f2c.dir\Release\f2c.unsuccessfulbuild" because "AlwaysCreate" was specified.
CustomBuild:
  All outputs are up-to-date.
ClCompile:
  All outputs are up-to-date.
Lib:
  All outputs are up-to-date.
  f2c.vcxproj -> R:\builds\vs\release\ThirdParty\lib\Release\libf2c.lib
FinalizeBuildStatus:
  Deleting file "f2c.dir\Release\f2c.unsuccessfulbuild".
  Touching "f2c.dir\Release\f2c.lastbuildstate".
Done Building Project "R:\builds\vs\release\ThirdParty\clapack\3.2.1\F2CLIBS\libf2c\f2c.vcxproj" (default targets).
InitializeBuildStatus:
  Creating "blas.dir\Release\blas.unsuccessfulbuild" because "AlwaysCreate" was specified.
CustomBuild:
  All outputs are up-to-date.
ClCompile:
  All outputs are up-to-date.
Lib:
  All outputs are up-to-date.
  blas.vcxproj -> R:\builds\vs\release\ThirdParty\lib\Release\blas.lib
FinalizeBuildStatus:
  Deleting file "blas.dir\Release\blas.unsuccessfulbuild".
  Touching "blas.dir\Release\blas.lastbuildstate".
Done Building Project "R:\builds\vs\release\ThirdParty\clapack\3.2.1\BLAS\SRC\blas.vcxproj" (default targets).
Project "R:\builds\vs\release\ThirdParty\ALL_BUILD.vcxproj" (2) is building "R:\builds\vs\release\ThirdParty\clapack\3.2.1\SRC\lapack.vcxproj" (7) on node 1 (default targets).
InitializeBuildStatus:
  Creating "lapack.dir\Release\lapack.unsuccessfulbuild" because "AlwaysCreate" was specified.
CustomBuild:
  All outputs are up-to-date.
ClCompile:
  All outputs are up-to-date.
Lib:
  All outputs are up-to-date.
  lapack.vcxproj -> R:\builds\vs\release\ThirdParty\lib\Release\lapack.lib
FinalizeBuildStatus:
  Deleting file "lapack.dir\Release\lapack.unsuccessfulbuild".
  Touching "lapack.dir\Release\lapack.lastbuildstate".
Done Building Project "R:\builds\vs\release\ThirdParty\clapack\3.2.1\SRC\lapack.vcxproj" (default targets).
Project "R:\builds\vs\release\ThirdParty\ALL_BUILD.vcxproj" (2) is building "R:\builds\vs\release\ThirdParty\libsbml\src\libsbml.vcxproj" (8) on node 1 (default targets).
InitializeBuildStatus:
  Creating "libsbml.dir\Release\libsbml.unsuccessfulbuild" because "AlwaysCreate" was specified.
CustomBuild:
  All outputs are up-to-date.
ClCompile:
  All outputs are up-to-date.
  All outputs are up-to-date.
Link:
  All outputs are up-to-date.
  libsbml.vcxproj -> R:\builds\vs\release\ThirdParty\bin\Release\libsbml.dll
FinalizeBuildStatus:
  Deleting file "libsbml.dir\Release\libsbml.unsuccessfulbuild".
  Touching "libsbml.dir\Release\libsbml.lastbuildstate".
Done Building Project "R:\builds\vs\release\ThirdParty\libsbml\src\libsbml.vcxproj" (default targets).
Project "R:\builds\vs\release\ThirdParty\ALL_BUILD.vcxproj" (2) is building "R:\builds\vs\release\ThirdParty\libsbml\src\libsbml-static.vcxproj" (9) on node 1 (default targets).
InitializeBuildStatus:
  Touching "libsbml-static.dir\Release\libsbml-static.unsuccessfulbuild".
CustomBuild:
  All outputs are up-to-date.
ClCompile:
  All outputs are up-to-date.
  All outputs are up-to-date.
Lib:
  All outputs are up-to-date.
  libsbml-static.vcxproj -> R:\builds\vs\release\ThirdParty\lib\Release\libsbml-static.lib
FinalizeBuildStatus:
  Deleting file "libsbml-static.dir\Release\libsbml-static.unsuccessfulbuild".
  Touching "libsbml-static.dir\Release\libsbml-static.lastbuildstate".
Done Building Project "R:\builds\vs\release\ThirdParty\libsbml\src\libsbml-static.vcxproj" (default targets).
Project "R:\builds\vs\release\ThirdParty\ALL_BUILD.vcxproj" (2) is building "R:\builds\vs\release\ThirdParty\nleq\nleq-static.vcxproj" (10) on node 1 (default targets).
InitializeBuildStatus:
  Creating "nleq-static.dir\Release\nleq-static.unsuccessfulbuild" because "AlwaysCreate" was specified.
CustomBuild:
  All outputs are up-to-date.
ClCompile:
  All outputs are up-to-date.
Lib:
  All outputs are up-to-date.
  nleq-static.vcxproj -> R:\builds\vs\release\ThirdParty\lib\Release\nleq-static.lib
FinalizeBuildStatus:
  Deleting file "nleq-static.dir\Release\nleq-static.unsuccessfulbuild".
  Touching "nleq-static.dir\Release\nleq-static.lastbuildstate".
Done Building Project "R:\builds\vs\release\ThirdParty\nleq\nleq-static.vcxproj" (default targets).
Project "R:\builds\vs\release\ThirdParty\ALL_BUILD.vcxproj" (2) is building "R:\builds\vs\release\ThirdParty\pugi\pugi-static.vcxproj" (11) on node 1 (default targets).
InitializeBuildStatus:
  Creating "pugi-static.dir\Release\pugi-static.unsuccessfulbuild" because "AlwaysCreate" was specified.
CustomBuild:
  All outputs are up-to-date.
ClCompile:
  All outputs are up-to-date.
Lib:
  All outputs are up-to-date.
  pugi-static.vcxproj -> R:\builds\vs\release\ThirdParty\lib\Release\pugi-static.lib
FinalizeBuildStatus:
  Deleting file "pugi-static.dir\Release\pugi-static.unsuccessfulbuild".
  Touching "pugi-static.dir\Release\pugi-static.lastbuildstate".
Done Building Project "R:\builds\vs\release\ThirdParty\pugi\pugi-static.vcxproj" (default targets).
Project "R:\builds\vs\release\ThirdParty\ALL_BUILD.vcxproj" (2) is building "R:\builds\vs\release\ThirdParty\rr-libstruct\rr-libstruct-static.vcxproj" (12) on node 1 (default targets).
InitializeBuildStatus:
  Creating "rr-libstruct-static.dir\Release\rr-libstruct-static.unsuccessfulbuild" because "AlwaysCreate" was specified.
CustomBuild:
  All outputs are up-to-date.
ClCompile:
  c:\Program Files (x86)\Microsoft Visual Studio 10.0\VC\bin\CL.exe /c /I"R:/roadrunnerwork/trunk/ThirdParty/rr-libstruct/." /IR:/roadrunnerwork/trunk/ThirdParty/clapack/3.2.1/INCLUDE /IR:/roadrunnerwork/trunk/ThirdParty/libsbml/src /nologo /W3 /WX- /O2 /Ob2 /Oy- /D WIN32 /D _WINDOWS /D NDEBUG /D _CRT_SECURE_NO_WARNINGS /D _CRT_NONSTDC_NO_DEPRECATE /D WIN32 /D STATIC_LIBSTRUCT /D LIBSBML_USE_CPP_NAMESPACE /D LIBSBML_STATIC /D "CMAKE_INTDIR=\"Release\"" /D _MBCS /Gm- /EHsc /MD /GS /fp:precise /Zc:wchar_t /Zc:forScope /GR /Fo"rr-libstruct-static.dir\Release\\" /Fd"R:/builds/vs/release/ThirdParty/lib/Release/rr-libstruct-static.pdb" /Gd /TP /wd4244 /wd4554 /analyze- /errorReport:queue "..\..\..\..\..\roadrunnerwork\trunk\ThirdParty\rr-libstruct\lsLibstructural.cpp" "..\..\..\..\..\roadrunnerwork\trunk\ThirdParty\rr-libstruct\lsSBMLModel.cpp"  /Zm1000 
  lsLibstructural.cpp
  lsSBMLModel.cpp
  Generating Code...
Lib:
  c:\Program Files (x86)\Microsoft Visual Studio 10.0\VC\bin\Lib.exe /OUT:"R:\builds\vs\release\ThirdParty\lib\Release\rr-libstruct-static.lib" /NOLOGO "rr-libstruct-static.dir\Release\lsMatrix.obj"
  "rr-libstruct-static.dir\Release\lsComplex.obj"
  "rr-libstruct-static.dir\Release\lsLibstructural.obj"
  "rr-libstruct-static.dir\Release\lsSBMLModel.obj"
  "rr-libstruct-static.dir\Release\lsUtils.obj"
  "rr-libstruct-static.dir\Release\lsLibla.obj"
  "rr-libstruct-static.dir\Release\lsLA.obj"
  rr-libstruct-static.vcxproj -> R:\builds\vs\release\ThirdParty\lib\Release\rr-libstruct-static.lib
FinalizeBuildStatus:
  Deleting file "rr-libstruct-static.dir\Release\rr-libstruct-static.unsuccessfulbuild".
  Touching "rr-libstruct-static.dir\Release\rr-libstruct-static.lastbuildstate".
Done Building Project "R:\builds\vs\release\ThirdParty\rr-libstruct\rr-libstruct-static.vcxproj" (default targets).
Project "R:\builds\vs\release\ThirdParty\ALL_BUILD.vcxproj" (2) is building "R:\builds\vs\release\ThirdParty\sundials\src\cvode\sundials_cvode_static.vcxproj" (13) on node 1 (default targets).
InitializeBuildStatus:
  Creating "sundials_cvode_static.dir\Release\sundials_cvode_static.unsuccessfulbuild" because "AlwaysCreate" was specified.
CustomBuild:
  All outputs are up-to-date.
ClCompile:
  All outputs are up-to-date.
Lib:
  All outputs are up-to-date.
  sundials_cvode_static.vcxproj -> R:\builds\vs\release\ThirdParty\lib\Release\sundials_cvode.lib
FinalizeBuildStatus:
  Deleting file "sundials_cvode_static.dir\Release\sundials_cvode_static.unsuccessfulbuild".
  Touching "sundials_cvode_static.dir\Release\sundials_cvode_static.lastbuildstate".
Done Building Project "R:\builds\vs\release\ThirdParty\sundials\src\cvode\sundials_cvode_static.vcxproj" (default targets).
Project "R:\builds\vs\release\ThirdParty\ALL_BUILD.vcxproj" (2) is building "R:\builds\vs\release\ThirdParty\sundials\src\nvec_ser\sundials_nvecserial_static.vcxproj" (14) on node 1 (default targets).
InitializeBuildStatus:
  Creating "sundials_nvecserial_static.dir\Release\sundials_nvecserial_static.unsuccessfulbuild" because "AlwaysCreate" was specified.
CustomBuild:
  All outputs are up-to-date.
ClCompile:
  All outputs are up-to-date.
Lib:
  All outputs are up-to-date.
  sundials_nvecserial_static.vcxproj -> R:\builds\vs\release\ThirdParty\lib\Release\sundials_nvecserial.lib
FinalizeBuildStatus:
  Deleting file "sundials_nvecserial_static.dir\Release\sundials_nvecserial_static.unsuccessfulbuild".
  Touching "sundials_nvecserial_static.dir\Release\sundials_nvecserial_static.lastbuildstate".
Done Building Project "R:\builds\vs\release\ThirdParty\sundials\src\nvec_ser\sundials_nvecserial_static.vcxproj" (default targets).
Project "R:\builds\vs\release\ThirdParty\ALL_BUILD.vcxproj" (2) is building "R:\builds\vs\release\ThirdParty\unit_test\unit_test-static.vcxproj" (15) on node 1 (default targets).
InitializeBuildStatus:
  Creating "unit_test-static.dir\Release\unit_test-static.unsuccessfulbuild" because "AlwaysCreate" was specified.
CustomBuild:
  All outputs are up-to-date.
ClCompile:
  c:\Program Files (x86)\Microsoft Visual Studio 10.0\VC\bin\CL.exe /c /nologo /W3 /WX- /O2 /Ob2 /Oy- /D WIN32 /D _WINDOWS /D NDEBUG /D _CRT_SECURE_NO_WARNINGS /D _CRT_NONSTDC_NO_DEPRECATE /D WIN32 /D STATIC_UNIT_TEST /D "CMAKE_INTDIR=\"Release\"" /D _MBCS /Gm- /EHsc /MD /GS /fp:precise /Zc:wchar_t /Zc:forScope /GR /Fo"unit_test-static.dir\Release\\" /Fd"R:/builds/vs/release/ThirdParty/lib/Release/unit_test-static.pdb" /Gd /TP /wd4244 /wd4554 /analyze- /errorReport:queue ..\..\..\..\..\roadrunnerwork\trunk\ThirdParty\unit_test\src\XmlTestReporter.cpp  /Zm1000 
  XmlTestReporter.cpp
Lib:
  c:\Program Files (x86)\Microsoft Visual Studio 10.0\VC\bin\Lib.exe /OUT:"R:\builds\vs\release\ThirdParty\lib\Release\unit_test-static.lib" /NOLOGO "unit_test-static.dir\Release\AssertException.obj"
  "unit_test-static.dir\Release\Checks.obj"
  "unit_test-static.dir\Release\CurrentTest.obj"
  "unit_test-static.dir\Release\DeferredTestReporter.obj"
  "unit_test-static.dir\Release\DeferredTestResult.obj"
  "unit_test-static.dir\Release\MemoryOutStream.obj"
  "unit_test-static.dir\Release\ReportAssert.obj"
  "unit_test-static.dir\Release\Test.obj"
  "unit_test-static.dir\Release\TestDetails.obj"
  "unit_test-static.dir\Release\TestList.obj"
  "unit_test-static.dir\Release\TestReporter.obj"
  "unit_test-static.dir\Release\TestReporterStdout.obj"
  "unit_test-static.dir\Release\TestResults.obj"
  "unit_test-static.dir\Release\TestRunner.obj"
  "unit_test-static.dir\Release\TimeConstraint.obj"
  "unit_test-static.dir\Release\XmlTestReporter.obj"
  "unit_test-static.dir\Release\TimeHelpers.obj"
  unit_test-static.vcxproj -> R:\builds\vs\release\ThirdParty\lib\Release\unit_test-static.lib
FinalizeBuildStatus:
  Deleting file "unit_test-static.dir\Release\unit_test-static.unsuccessfulbuild".
  Touching "unit_test-static.dir\Release\unit_test-static.lastbuildstate".
Done Building Project "R:\builds\vs\release\ThirdParty\unit_test\unit_test-static.vcxproj" (default targets).
InitializeBuildStatus:
  Creating "Win32\Release\ALL_BUILD\ALL_BUILD.unsuccessfulbuild" because "AlwaysCreate" was specified.
CustomBuild:
  Build all projects
FinalizeBuildStatus:
  Deleting file "Win32\Release\ALL_BUILD\ALL_BUILD.unsuccessfulbuild".
  Touching "Win32\Release\ALL_BUILD\ALL_BUILD.lastbuildstate".
Done Building Project "R:\builds\vs\release\ThirdParty\ALL_BUILD.vcxproj" (default targets).
InitializeBuildStatus:
  Creating "Win32\Release\INSTALL\INSTALL.unsuccessfulbuild" because "AlwaysCreate" was specified.
PostBuildEvent:
  setlocal
  "C:\Program Files (x86)\CMake 2.8\bin\cmake.exe" -DBUILD_TYPE=Release -P cmake_install.cmake
  if %errorlevel% neq 0 goto :cmEnd
  :cmEnd
  endlocal & call :cmErrorLevel %errorlevel% & goto :cmDone
  :cmErrorLevel
  exit /b %1
  :cmDone
  if %errorlevel% neq 0 goto :VCEnd
  :VCEnd
  -- Install configuration: "Release"
  -- Up-to-date: R:/installs/vs/release/bin/libxml2.DLL
  -- Up-to-date: R:/installs/vs/release/bin/iconv.dll
  -- Up-to-date: R:/installs/vs/release/bin/zlib1.dll
  -- Up-to-date: R:/installs/vs/release/bin/msvcp100.dll
  -- Up-to-date: R:/installs/vs/release/bin/msvcr100.dll
  -- Up-to-date: R:/installs/vs/release/./COPYING.txt
  -- Up-to-date: R:/installs/vs/release/./FUNDING.txt
  -- Up-to-date: R:/installs/vs/release/./LICENSE.txt
  -- Up-to-date: R:/installs/vs/release/./NEWS.txt
  -- Up-to-date: R:/installs/vs/release/./README.txt
  -- Up-to-date: R:/installs/vs/release/./VERSION.txt
  -- Up-to-date: R:/installs/vs/release/include/sbml/annotation/CVTerm.h
  -- Up-to-date: R:/installs/vs/release/include/sbml/annotation/Date.h
  -- Up-to-date: R:/installs/vs/release/include/sbml/annotation/ModelCreator.h
  -- Up-to-date: R:/installs/vs/release/include/sbml/annotation/ModelHistory.h
  -- Up-to-date: R:/installs/vs/release/include/sbml/annotation/RDFAnnotation.h
  -- Up-to-date: R:/installs/vs/release/include/sbml/annotation/RDFAnnotationParser.h
  -- Up-to-date: R:/installs/vs/release/include/sbml/common/common.h
  -- Up-to-date: R:/installs/vs/release/include/sbml/common/extern.h
  -- Installing: R:/installs/vs/release/include/sbml/common/libsbml-config-common.h
  -- Up-to-date: R:/installs/vs/release/include/sbml/common/libsbml-config-packages.h
  -- Up-to-date: R:/installs/vs/release/include/sbml/common/libsbml-config.h
  -- Up-to-date: R:/installs/vs/release/include/sbml/common/libsbml-namespace.h
  -- Up-to-date: R:/installs/vs/release/include/sbml/common/libsbml-package.h
  -- Up-to-date: R:/installs/vs/release/include/sbml/common/libsbml-version.h
  -- Up-to-date: R:/installs/vs/release/include/sbml/common/operationReturnValues.h
  -- Up-to-date: R:/installs/vs/release/include/sbml/common/sbmlfwd.h
  -- Up-to-date: R:/installs/vs/release/include/sbml/compress/bzfstream.h
  -- Up-to-date: R:/installs/vs/release/include/sbml/compress/CompressCommon.h
  -- Up-to-date: R:/installs/vs/release/include/sbml/compress/crypt.h
  -- Up-to-date: R:/installs/vs/release/include/sbml/compress/InputDecompressor.h
  -- Up-to-date: R:/installs/vs/release/include/sbml/compress/ioapi.h
  -- Up-to-date: R:/installs/vs/release/include/sbml/compress/iowin32.h
  -- Up-to-date: R:/installs/vs/release/include/sbml/compress/OutputCompressor.h
  -- Up-to-date: R:/installs/vs/release/include/sbml/compress/unzip.h
  -- Up-to-date: R:/installs/vs/release/include/sbml/compress/zfstream.h
  -- Up-to-date: R:/installs/vs/release/include/sbml/compress/zip.h
  -- Up-to-date: R:/installs/vs/release/include/sbml/compress/zipfstream.h
  -- Up-to-date: R:/installs/vs/release/include/sbml/conversion/ConversionOption.h
  -- Up-to-date: R:/installs/vs/release/include/sbml/conversion/ConversionProperties.h
  -- Up-to-date: R:/installs/vs/release/include/sbml/conversion/SBMLConverter.h
  -- Up-to-date: R:/installs/vs/release/include/sbml/conversion/SBMLConverterRegister.h
  -- Up-to-date: R:/installs/vs/release/include/sbml/conversion/SBMLConverterRegistry.h
  -- Up-to-date: R:/installs/vs/release/include/sbml/conversion/SBMLFunctionDefinitionConverter.h
  -- Up-to-date: R:/installs/vs/release/include/sbml/conversion/SBMLInitialAssignmentConverter.h
  -- Up-to-date: R:/installs/vs/release/include/sbml/conversion/SBMLLevelVersionConverter.h
  -- Up-to-date: R:/installs/vs/release/include/sbml/conversion/SBMLRuleConverter.h
  -- Up-to-date: R:/installs/vs/release/include/sbml/conversion/SBMLStripPackageConverter.h
  -- Up-to-date: R:/installs/vs/release/include/sbml/conversion/SBMLUnitsConverter.h
  -- Up-to-date: R:/installs/vs/release/include/sbml/extension/ISBMLExtensionNamespaces.h
  -- Up-to-date: R:/installs/vs/release/include/sbml/extension/RegisterExtensions.h
  -- Up-to-date: R:/installs/vs/release/include/sbml/extension/SBaseExtensionPoint.h
  -- Up-to-date: R:/installs/vs/release/include/sbml/extension/SBasePlugin.h
  -- Up-to-date: R:/installs/vs/release/include/sbml/extension/SBasePluginCreator.h
  -- Up-to-date: R:/installs/vs/release/include/sbml/extension/SBasePluginCreatorBase.h
  -- Up-to-date: R:/installs/vs/release/include/sbml/extension/SBMLDocumentPlugin.h
  -- Up-to-date: R:/installs/vs/release/include/sbml/extension/SBMLDocumentPluginNotRequired.h
  -- Up-to-date: R:/installs/vs/release/include/sbml/extension/SBMLExtension.h
  -- Up-to-date: R:/installs/vs/release/include/sbml/extension/SBMLExtensionException.h
  -- Up-to-date: R:/installs/vs/release/include/sbml/extension/SBMLExtensionNamespaces.h
  -- Up-to-date: R:/installs/vs/release/include/sbml/extension/SBMLExtensionRegister.h
  -- Up-to-date: R:/installs/vs/release/include/sbml/extension/SBMLExtensionRegistry.h
  -- Up-to-date: R:/installs/vs/release/include/sbml/math/ASTNode.h
  -- Up-to-date: R:/installs/vs/release/include/sbml/math/FormulaFormatter.h
  -- Up-to-date: R:/installs/vs/release/include/sbml/math/FormulaParser.h
  -- Up-to-date: R:/installs/vs/release/include/sbml/math/FormulaTokenizer.h
  -- Up-to-date: R:/installs/vs/release/include/sbml/math/L3Parser.h
  -- Up-to-date: R:/installs/vs/release/include/sbml/math/L3ParserSettings.h
  -- Up-to-date: R:/installs/vs/release/include/sbml/math/MathML.h
  -- Up-to-date: R:/installs/vs/release/include/sbml/units/FormulaUnitsData.h
  -- Up-to-date: R:/installs/vs/release/include/sbml/units/UnitFormulaFormatter.h
  -- Up-to-date: R:/installs/vs/release/include/sbml/units/UnitKindList.h
  -- Up-to-date: R:/installs/vs/release/include/sbml/util/List.h
  -- Up-to-date: R:/installs/vs/release/include/sbml/util/memory.h
  -- Up-to-date: R:/installs/vs/release/include/sbml/util/Stack.h
  -- Up-to-date: R:/installs/vs/release/include/sbml/util/StringBuffer.h
  -- Up-to-date: R:/installs/vs/release/include/sbml/util/util.h
  -- Up-to-date: R:/installs/vs/release/include/sbml/validator/ConsistencyValidator.h
  -- Up-to-date: R:/installs/vs/release/include/sbml/validator/ConstraintMacros.h
  -- Up-to-date: R:/installs/vs/release/include/sbml/validator/IdentifierConsistencyValidator.h
  -- Up-to-date: R:/installs/vs/release/include/sbml/validator/InternalConsistencyValidator.h
  -- Up-to-date: R:/installs/vs/release/include/sbml/validator/L1CompatibilityValidator.h
  -- Up-to-date: R:/installs/vs/release/include/sbml/validator/L2v1CompatibilityValidator.h
  -- Up-to-date: R:/installs/vs/release/include/sbml/validator/L2v2CompatibilityValidator.h
  -- Up-to-date: R:/installs/vs/release/include/sbml/validator/L2v3CompatibilityValidator.h
  -- Up-to-date: R:/installs/vs/release/include/sbml/validator/L2v4CompatibilityValidator.h
  -- Up-to-date: R:/installs/vs/release/include/sbml/validator/L3v1CompatibilityValidator.h
  -- Up-to-date: R:/installs/vs/release/include/sbml/validator/MathMLConsistencyValidator.h
  -- Up-to-date: R:/installs/vs/release/include/sbml/validator/ModelingPracticeValidator.h
  -- Up-to-date: R:/installs/vs/release/include/sbml/validator/OverdeterminedValidator.h
  -- Up-to-date: R:/installs/vs/release/include/sbml/validator/SBMLExternalValidator.h
  -- Up-to-date: R:/installs/vs/release/include/sbml/validator/SBMLInternalValidator.h
  -- Up-to-date: R:/installs/vs/release/include/sbml/validator/SBMLValidator.h
  -- Up-to-date: R:/installs/vs/release/include/sbml/validator/SBOConsistencyValidator.h
  -- Up-to-date: R:/installs/vs/release/include/sbml/validator/UnitConsistencyValidator.h
  -- Up-to-date: R:/installs/vs/release/include/sbml/validator/Validator.h
  -- Up-to-date: R:/installs/vs/release/include/sbml/validator/VConstraint.h
  -- Up-to-date: R:/installs/vs/release/include/sbml/xml/ExpatAttributes.h
  -- Up-to-date: R:/installs/vs/release/include/sbml/xml/ExpatHandler.h
  -- Up-to-date: R:/installs/vs/release/include/sbml/xml/ExpatParser.h
  -- Up-to-date: R:/installs/vs/release/include/sbml/xml/LibXMLAttributes.h
  -- Up-to-date: R:/installs/vs/release/include/sbml/xml/LibXMLHandler.h
  -- Up-to-date: R:/installs/vs/release/include/sbml/xml/LibXMLNamespaces.h
  -- Up-to-date: R:/installs/vs/release/include/sbml/xml/LibXMLParser.h
  -- Up-to-date: R:/installs/vs/release/include/sbml/xml/LibXMLTranscode.h
  -- Up-to-date: R:/installs/vs/release/include/sbml/xml/XercesAttributes.h
  -- Up-to-date: R:/installs/vs/release/include/sbml/xml/XercesHandler.h
  -- Up-to-date: R:/installs/vs/release/include/sbml/xml/XercesNamespaces.h
  -- Up-to-date: R:/installs/vs/release/include/sbml/xml/XercesParser.h
  -- Up-to-date: R:/installs/vs/release/include/sbml/xml/XercesTranscode.h
  -- Up-to-date: R:/installs/vs/release/include/sbml/xml/XMLAttributes.h
  -- Up-to-date: R:/installs/vs/release/include/sbml/xml/XMLBuffer.h
  -- Up-to-date: R:/installs/vs/release/include/sbml/xml/XMLConstructorException.h
  -- Up-to-date: R:/installs/vs/release/include/sbml/xml/XMLError.h
  -- Up-to-date: R:/installs/vs/release/include/sbml/xml/XMLErrorLog.h
  -- Up-to-date: R:/installs/vs/release/include/sbml/xml/XMLExtern.h
  -- Up-to-date: R:/installs/vs/release/include/sbml/xml/XMLFileBuffer.h
  -- Up-to-date: R:/installs/vs/release/include/sbml/xml/XMLHandler.h
  -- Up-to-date: R:/installs/vs/release/include/sbml/xml/XMLInputStream.h
  -- Up-to-date: R:/installs/vs/release/include/sbml/xml/XMLMemoryBuffer.h
  -- Up-to-date: R:/installs/vs/release/include/sbml/xml/XMLNamespaces.h
  -- Up-to-date: R:/installs/vs/release/include/sbml/xml/XMLNode.h
  -- Up-to-date: R:/installs/vs/release/include/sbml/xml/XMLOutputStream.h
  -- Up-to-date: R:/installs/vs/release/include/sbml/xml/XMLParser.h
  -- Up-to-date: R:/installs/vs/release/include/sbml/xml/XMLToken.h
  -- Up-to-date: R:/installs/vs/release/include/sbml/xml/XMLTokenizer.h
  -- Up-to-date: R:/installs/vs/release/include/sbml/xml/XMLTriple.h
  -- Up-to-date: R:/installs/vs/release/include/sbml/AlgebraicRule.h
  -- Up-to-date: R:/installs/vs/release/include/sbml/AssignmentRule.h
  -- Up-to-date: R:/installs/vs/release/include/sbml/Compartment.h
  -- Up-to-date: R:/installs/vs/release/include/sbml/CompartmentType.h
  -- Up-to-date: R:/installs/vs/release/include/sbml/Constraint.h
  -- Up-to-date: R:/installs/vs/release/include/sbml/Delay.h
  -- Up-to-date: R:/installs/vs/release/include/sbml/Event.h
  -- Up-to-date: R:/installs/vs/release/include/sbml/EventAssignment.h
  -- Up-to-date: R:/installs/vs/release/include/sbml/ExpectedAttributes.h
  -- Up-to-date: R:/installs/vs/release/include/sbml/FunctionDefinition.h
  -- Up-to-date: R:/installs/vs/release/include/sbml/InitialAssignment.h
  -- Up-to-date: R:/installs/vs/release/include/sbml/KineticLaw.h
  -- Up-to-date: R:/installs/vs/release/include/sbml/ListOf.h
  -- Up-to-date: R:/installs/vs/release/include/sbml/LocalParameter.h
  -- Up-to-date: R:/installs/vs/release/include/sbml/Model.h
  -- Up-to-date: R:/installs/vs/release/include/sbml/ModifierSpeciesReference.h
  -- Up-to-date: R:/installs/vs/release/include/sbml/Parameter.h
  -- Up-to-date: R:/installs/vs/release/include/sbml/Priority.h
  -- Up-to-date: R:/installs/vs/release/include/sbml/RateRule.h
  -- Up-to-date: R:/installs/vs/release/include/sbml/Reaction.h
  -- Up-to-date: R:/installs/vs/release/include/sbml/Rule.h
  -- Up-to-date: R:/installs/vs/release/include/sbml/SBase.h
  -- Up-to-date: R:/installs/vs/release/include/sbml/SBMLConstructorException.h
  -- Up-to-date: R:/installs/vs/release/include/sbml/SBMLDocument.h
  -- Up-to-date: R:/installs/vs/release/include/sbml/SBMLError.h
  -- Up-to-date: R:/installs/vs/release/include/sbml/SBMLErrorLog.h
  -- Up-to-date: R:/installs/vs/release/include/sbml/SBMLErrorTable.h
  -- Up-to-date: R:/installs/vs/release/include/sbml/SBMLNamespaces.h
  -- Up-to-date: R:/installs/vs/release/include/sbml/SBMLReader.h
  -- Up-to-date: R:/installs/vs/release/include/sbml/SBMLTransforms.h
  -- Up-to-date: R:/installs/vs/release/include/sbml/SBMLTypeCodes.h
  -- Up-to-date: R:/installs/vs/release/include/sbml/SBMLTypes.h
  -- Up-to-date: R:/installs/vs/release/include/sbml/SBMLVisitor.h
  -- Up-to-date: R:/installs/vs/release/include/sbml/SBMLWriter.h
  -- Up-to-date: R:/installs/vs/release/include/sbml/SBO.h
  -- Up-to-date: R:/installs/vs/release/include/sbml/SimpleSpeciesReference.h
  -- Up-to-date: R:/installs/vs/release/include/sbml/Species.h
  -- Up-to-date: R:/installs/vs/release/include/sbml/SpeciesReference.h
  -- Up-to-date: R:/installs/vs/release/include/sbml/SpeciesType.h
  -- Up-to-date: R:/installs/vs/release/include/sbml/StoichiometryMath.h
  -- Up-to-date: R:/installs/vs/release/include/sbml/SyntaxChecker.h
  -- Up-to-date: R:/installs/vs/release/include/sbml/Trigger.h
  -- Up-to-date: R:/installs/vs/release/include/sbml/Unit.h
  -- Up-to-date: R:/installs/vs/release/include/sbml/UnitDefinition.h
  -- Up-to-date: R:/installs/vs/release/include/sbml/UnitKind.h
  -- Installing: R:/installs/vs/release/lib/libsbml.lib
  CMake Error at libsbml/src/cmake_install.cmake:262 (FILE):
    file INSTALL cannot find
    "R:/builds/vs/release/ThirdParty/bin/Release/libsbml.dll".
  Call Stack (most recent call first):
    libsbml/cmake_install.cmake:50 (INCLUDE)
    cmake_install.cmake:44 (INCLUDE)
  
  
C:\Program Files (x86)\MSBuild\Microsoft.Cpp\v4.0\Microsoft.CppCommon.targets(113,5): error MSB3073: The command "setlocal [r:\builds\vs\release\ThirdParty\INSTALL.vcxproj]
C:\Program Files (x86)\MSBuild\Microsoft.Cpp\v4.0\Microsoft.CppCommon.targets(113,5): error MSB3073: "C:\Program Files (x86)\CMake 2.8\bin\cmake.exe" -DBUILD_TYPE=Release -P cmake_install.cmake [r:\builds\vs\release\ThirdParty\INSTALL.vcxproj]
C:\Program Files (x86)\MSBuild\Microsoft.Cpp\v4.0\Microsoft.CppCommon.targets(113,5): error MSB3073: if %errorlevel% neq 0 goto :cmEnd [r:\builds\vs\release\ThirdParty\INSTALL.vcxproj]
C:\Program Files (x86)\MSBuild\Microsoft.Cpp\v4.0\Microsoft.CppCommon.targets(113,5): error MSB3073: :cmEnd [r:\builds\vs\release\ThirdParty\INSTALL.vcxproj]
C:\Program Files (x86)\MSBuild\Microsoft.Cpp\v4.0\Microsoft.CppCommon.targets(113,5): error MSB3073: endlocal & call :cmErrorLevel %errorlevel% & goto :cmDone [r:\builds\vs\release\ThirdParty\INSTALL.vcxproj]
C:\Program Files (x86)\MSBuild\Microsoft.Cpp\v4.0\Microsoft.CppCommon.targets(113,5): error MSB3073: :cmErrorLevel [r:\builds\vs\release\ThirdParty\INSTALL.vcxproj]
C:\Program Files (x86)\MSBuild\Microsoft.Cpp\v4.0\Microsoft.CppCommon.targets(113,5): error MSB3073: exit /b %1 [r:\builds\vs\release\ThirdParty\INSTALL.vcxproj]
C:\Program Files (x86)\MSBuild\Microsoft.Cpp\v4.0\Microsoft.CppCommon.targets(113,5): error MSB3073: :cmDone [r:\builds\vs\release\ThirdParty\INSTALL.vcxproj]
C:\Program Files (x86)\MSBuild\Microsoft.Cpp\v4.0\Microsoft.CppCommon.targets(113,5): error MSB3073: if %errorlevel% neq 0 goto :VCEnd [r:\builds\vs\release\ThirdParty\INSTALL.vcxproj]
C:\Program Files (x86)\MSBuild\Microsoft.Cpp\v4.0\Microsoft.CppCommon.targets(113,5): error MSB3073: :VCEnd" exited with code 1. [r:\builds\vs\release\ThirdParty\INSTALL.vcxproj]
Done Building Project "r:\builds\vs\release\ThirdParty\INSTALL.vcxproj" (default targets) -- FAILED.

Build FAILED.

"r:\builds\vs\release\ThirdParty\INSTALL.vcxproj" (default target) (1) ->
(PostBuildEvent target) -> 
  C:\Program Files (x86)\MSBuild\Microsoft.Cpp\v4.0\Microsoft.CppCommon.targets(113,5): error MSB3073: The command "setlocal [r:\builds\vs\release\ThirdParty\INSTALL.vcxproj]
C:\Program Files (x86)\MSBuild\Microsoft.Cpp\v4.0\Microsoft.CppCommon.targets(113,5): error MSB3073: "C:\Program Files (x86)\CMake 2.8\bin\cmake.exe" -DBUILD_TYPE=Release -P cmake_install.cmake [r:\builds\vs\release\ThirdParty\INSTALL.vcxproj]
C:\Program Files (x86)\MSBuild\Microsoft.Cpp\v4.0\Microsoft.CppCommon.targets(113,5): error MSB3073: if %errorlevel% neq 0 goto :cmEnd [r:\builds\vs\release\ThirdParty\INSTALL.vcxproj]
C:\Program Files (x86)\MSBuild\Microsoft.Cpp\v4.0\Microsoft.CppCommon.targets(113,5): error MSB3073: :cmEnd [r:\builds\vs\release\ThirdParty\INSTALL.vcxproj]
C:\Program Files (x86)\MSBuild\Microsoft.Cpp\v4.0\Microsoft.CppCommon.targets(113,5): error MSB3073: endlocal & call :cmErrorLevel %errorlevel% & goto :cmDone [r:\builds\vs\release\ThirdParty\INSTALL.vcxproj]
C:\Program Files (x86)\MSBuild\Microsoft.Cpp\v4.0\Microsoft.CppCommon.targets(113,5): error MSB3073: :cmErrorLevel [r:\builds\vs\release\ThirdParty\INSTALL.vcxproj]
C:\Program Files (x86)\MSBuild\Microsoft.Cpp\v4.0\Microsoft.CppCommon.targets(113,5): error MSB3073: exit /b %1 [r:\builds\vs\release\ThirdParty\INSTALL.vcxproj]
C:\Program Files (x86)\MSBuild\Microsoft.Cpp\v4.0\Microsoft.CppCommon.targets(113,5): error MSB3073: :cmDone [r:\builds\vs\release\ThirdParty\INSTALL.vcxproj]
C:\Program Files (x86)\MSBuild\Microsoft.Cpp\v4.0\Microsoft.CppCommon.targets(113,5): error MSB3073: if %errorlevel% neq 0 goto :VCEnd [r:\builds\vs\release\ThirdParty\INSTALL.vcxproj]
C:\Program Files (x86)\MSBuild\Microsoft.Cpp\v4.0\Microsoft.CppCommon.targets(113,5): error MSB3073: :VCEnd" exited with code 1. [r:\builds\vs\release\ThirdParty\INSTALL.vcxproj]

    0 Warning(s)
    1 Error(s)

Time Elapsed 00:00:07.93

Cleaning build "all" succeded
Cleaning build "cpp" succeded
Cleaning build "c" succeded
Cleaning build "python" succeded
